
Showing logs for build [32mcb-kubecd-bdd-ghfjxy-1568394164-lcqqw-1[0m stage [32mmeta-pipeline[0m and container [32mstep-credential-initializer-f9hqd[0m
{"level":"warn","ts":1568395044.648278,"logger":"fallback-logger","caller":"logging/config.go:69","msg":"Fetch GitHub commit ID from kodata failed: \"ref: refs/heads/master\" is not a valid GitHub commit ID"}
{"level":"info","ts":1568395044.6489866,"logger":"fallback-logger","caller":"creds-init/main.go:40","msg":"Credentials initialized."}

Showing logs for build [32mcb-kubecd-bdd-ghfjxy-1568394164-lcqqw-1[0m stage [32mmeta-pipeline[0m and container [32mstep-working-dir-initializer-jcd22[0m
{"level":"warn","ts":1568395045.9507143,"logger":"fallback-logger","caller":"logging/config.go:69","msg":"Fetch GitHub commit ID from kodata failed: open /var/run/ko/HEAD: no such file or directory"}
{"level":"info","ts":1568395045.9525876,"logger":"fallback-logger","caller":"bash/main.go:65","msg":"Successfully executed command \"mkdir -p /workspace/source\""}

Showing logs for build [32mcb-kubecd-bdd-ghfjxy-1568394164-lcqqw-1[0m stage [32mmeta-pipeline[0m and container [32mstep-place-tools[0m

Showing logs for build [32mcb-kubecd-bdd-ghfjxy-1568394164-lcqqw-1[0m stage [32mmeta-pipeline[0m and container [32mstep-git-source-meta-cb-kubecd-bdd-ghfjxy-15683-l8fgf[0m
{"level":"warn","ts":1568395052.0609803,"logger":"fallback-logger","caller":"logging/config.go:69","msg":"Fetch GitHub commit ID from kodata failed: \"ref: refs/heads/master\" is not a valid GitHub commit ID"}
{"level":"info","ts":1568395053.1112533,"logger":"fallback-logger","caller":"git/git.go:102","msg":"Successfully cloned https://github.com/cb-kubecd/bdd-ghf**y-1568394164.git @ c687522450633434508222ec2ca52edaa71475c0 in path /workspace/source"}

Showing logs for build [32mcb-kubecd-bdd-ghfjxy-1568394164-lcqqw-1[0m stage [32mmeta-pipeline[0m and container [32mstep-git-merge[0m
Using SHAs from PULL_REFS=master:c687522450633434508222ec2ca52edaa71475c0,1:cf154d6eb768c940b9365d6032df5b10ff405822
DEBUG: ran git fetch --unshallow origin cf154d6eb768c940b9365d6032df5b10ff405822: c687522450633434508222ec2ca52edaa71475c0: in 
DEBUG: ran git checkout master in 
DEBUG: ran git reset --hard c687522450633434508222ec2ca52edaa71475c0 in 
DEBUG: ran clean --force -d . in 
DEBUG: ran git merge cf154d6eb768c940b9365d6032df5b10ff405822 in 
Merged SHA cf154d6eb768c940b9365d6032df5b10ff405822 with commit message 'My first PR commit' into base branch master

Showing logs for build [32mcb-kubecd-bdd-ghfjxy-1568394164-lcqqw-1[0m stage [32mmeta-pipeline[0m and container [32mstep-merge-pull-refs[0m
DEBUG: ran git fetch origin cf154d6eb768c940b9365d6032df5b10ff405822: c687522450633434508222ec2ca52edaa71475c0: in 
DEBUG: Unshallowed git repo in 
DEBUG: ran git checkout master in 
DEBUG: ran git reset --hard c687522450633434508222ec2ca52edaa71475c0 in 
DEBUG: ran clean --force -d . in 
DEBUG: ran git merge cf154d6eb768c940b9365d6032df5b10ff405822 in 
Merged SHA cf154d6eb768c940b9365d6032df5b10ff405822 with commit message 'My first PR commit' into base branch master

Showing logs for build [32mcb-kubecd-bdd-ghfjxy-1568394164-lcqqw-1[0m stage [32mmeta-pipeline[0m and container [32mstep-create-effective-pipeline[0m
Deleting and cloning the Jenkins X versions repo
Cloning the Jenkins X versions repo https://github.com/jenkins-x/jenkins-x-versions.git with ref refs/heads/master to /builder/home/.**/jenkins-x-versions
performing pack detection in folder /workspace/source
--> Draft detected YAML (67.752116%)
--> Could not find a pack for YAML. Trying to find the next likely language match...
--> Draft detected RPM Spec (14.854397%)
--> Could not find a pack for RPM Spec. Trying to find the next likely language match...
--> Draft detected Coq (6.799598%)
--> Could not find a pack for Coq. Trying to find the next likely language match...
--> Draft detected Smarty (3.701047%)
--> Could not find a pack for Smarty. Trying to find the next likely language match...
--> Draft detected Go (2.904892%)
selected pack: /builder/home/.**/draft/packs/github.com/jenkins-x-buildpacks/jenkins-x-kubernetes/packs/go
Effective pipeline written to jenkins-x-serverless-jenkins-effective.yml

Showing logs for build [32mcb-kubecd-bdd-ghfjxy-1568394164-lcqqw-1[0m stage [32mmeta-pipeline[0m and container [32mstep-create-tekton-crds[0m
PipelineActivity for cb-kubecd-bdd-ghf**y-1568394164-PR-1-1
Applying changes 
upserted PipelineResource cb-kubecd-bdd-ghf**y-1568394164 for the git repository https://github.com/cb-kubecd/bdd-ghf**y-1568394164.git
upserted Task cb-kubecd-bdd-ghf**y-1568394164-lcqqw-run-make-1
upserted Task cb-kubecd-bdd-ghf**y-1568394164-lcqqw-everything-else-1
upserted Pipeline cb-kubecd-bdd-ghf**y-1568394164-lcqqw-1
created PipelineRun cb-kubecd-bdd-ghf**y-1568394164-lcqqw-1
created PipelineStructure cb-kubecd-bdd-ghf**y-1568394164-lcqqw-1

Showing logs for build [32mcb-kubecd-bdd-ghfjxy-1568394164-lcqqw-1[0m stage [32mrun-make[0m and container [32mstep-credential-initializer-8nfcp[0m
{"level":"warn","ts":1568395079.006949,"logger":"fallback-logger","caller":"logging/config.go:69","msg":"Fetch GitHub commit ID from kodata failed: \"ref: refs/heads/master\" is not a valid GitHub commit ID"}
{"level":"info","ts":1568395079.007544,"logger":"fallback-logger","caller":"creds-init/main.go:40","msg":"Credentials initialized."}

Showing logs for build [32mcb-kubecd-bdd-ghfjxy-1568394164-lcqqw-1[0m stage [32mrun-make[0m and container [32mstep-working-dir-initializer-nc9mw[0m
{"level":"warn","ts":1568395080.0046935,"logger":"fallback-logger","caller":"logging/config.go:69","msg":"Fetch GitHub commit ID from kodata failed: open /var/run/ko/HEAD: no such file or directory"}
{"level":"info","ts":1568395080.006561,"logger":"fallback-logger","caller":"bash/main.go:65","msg":"Successfully executed command \"mkdir -p /workspace/source\""}

Showing logs for build [32mcb-kubecd-bdd-ghfjxy-1568394164-lcqqw-1[0m stage [32mrun-make[0m and container [32mstep-place-tools[0m

Showing logs for build [32mcb-kubecd-bdd-ghfjxy-1568394164-lcqqw-1[0m stage [32mrun-make[0m and container [32mstep-git-source-cb-kubecd-bdd-ghfjxy-1568394164-r54hv[0m
{"level":"warn","ts":1568395086.102851,"logger":"fallback-logger","caller":"logging/config.go:69","msg":"Fetch GitHub commit ID from kodata failed: \"ref: refs/heads/master\" is not a valid GitHub commit ID"}
{"level":"info","ts":1568395087.645461,"logger":"fallback-logger","caller":"git/git.go:102","msg":"Successfully cloned https://github.com/cb-kubecd/bdd-ghf**y-1568394164.git @ master in path /workspace/source"}

Showing logs for build [32mcb-kubecd-bdd-ghfjxy-1568394164-lcqqw-1[0m stage [32mrun-make[0m and container [32mstep-git-merge[0m
Using SHAs from PULL_REFS=master:c687522450633434508222ec2ca52edaa71475c0,1:cf154d6eb768c940b9365d6032df5b10ff405822
DEBUG: ran git fetch --unshallow origin cf154d6eb768c940b9365d6032df5b10ff405822: c687522450633434508222ec2ca52edaa71475c0: in 
DEBUG: ran git checkout master in 
DEBUG: ran git reset --hard c687522450633434508222ec2ca52edaa71475c0 in 
DEBUG: ran clean --force -d . in 
DEBUG: ran git merge cf154d6eb768c940b9365d6032df5b10ff405822 in 
Merged SHA cf154d6eb768c940b9365d6032df5b10ff405822 with commit message 'My first PR commit' into base branch master

Showing logs for build [32mcb-kubecd-bdd-ghfjxy-1568394164-lcqqw-1[0m stage [32mrun-make[0m and container [32mstep-build-make-linux[0m
CGO_ENABLED=0 GOOS=linux GOARCH=amd64 GO15VENDOREXPERIMENT=1 go build -ldflags '' -o bin/bdd-ghf**y-1568394164 main.go

Showing logs for build [32mcb-kubecd-bdd-ghfjxy-1568394164-lcqqw-1[0m stage [32mrun-make[0m and container [32mstep-source-mkdir-cb-kubecd-bdd-ghfjxy-1568394164-chf9p[0m
{"level":"warn","ts":1568395096.8630416,"logger":"fallback-logger","caller":"logging/config.go:69","msg":"Fetch GitHub commit ID from kodata failed: open /var/run/ko/HEAD: no such file or directory"}
{"level":"info","ts":1568395096.8989174,"logger":"fallback-logger","caller":"bash/main.go:65","msg":"Successfully executed command \"mkdir -p /pvc/run-make/workspace\""}

Showing logs for build [32mcb-kubecd-bdd-ghfjxy-1568394164-lcqqw-1[0m stage [32mrun-make[0m and container [32mstep-source-copy-cb-kubecd-bdd-ghfjxy-1568394164-26x9h[0m
{"level":"warn","ts":1568395097.1492298,"logger":"fallback-logger","caller":"logging/config.go:69","msg":"Fetch GitHub commit ID from kodata failed: open /var/run/ko/HEAD: no such file or directory"}
{"level":"info","ts":1568395097.1772413,"logger":"fallback-logger","caller":"bash/main.go:65","msg":"Successfully executed command \"cp -r /workspace/source/. /pvc/run-make/workspace\""}

Showing logs for build [32mcb-kubecd-bdd-ghfjxy-1568394164-lcqqw-1[0m stage [32meverything-else[0m and container [32mstep-credential-initializer-99jj4[0m
{"level":"warn","ts":1568395109.4178236,"logger":"fallback-logger","caller":"logging/config.go:69","msg":"Fetch GitHub commit ID from kodata failed: \"ref: refs/heads/master\" is not a valid GitHub commit ID"}
{"level":"info","ts":1568395109.4182894,"logger":"fallback-logger","caller":"creds-init/main.go:40","msg":"Credentials initialized."}

Showing logs for build [32mcb-kubecd-bdd-ghfjxy-1568394164-lcqqw-1[0m stage [32meverything-else[0m and container [32mstep-working-dir-initializer-prgbn[0m
{"level":"warn","ts":1568395110.3962317,"logger":"fallback-logger","caller":"logging/config.go:69","msg":"Fetch GitHub commit ID from kodata failed: open /var/run/ko/HEAD: no such file or directory"}
{"level":"info","ts":1568395110.3978817,"logger":"fallback-logger","caller":"bash/main.go:65","msg":"Successfully executed command \"mkdir -p /workspace/source /workspace/source/charts/preview\""}

Showing logs for build [32mcb-kubecd-bdd-ghfjxy-1568394164-lcqqw-1[0m stage [32meverything-else[0m and container [32mstep-place-tools[0m

Showing logs for build [32mcb-kubecd-bdd-ghfjxy-1568394164-lcqqw-1[0m stage [32meverything-else[0m and container [32mstep-create-dir-workspace-xsvld[0m
{"level":"warn","ts":1568395116.5237656,"logger":"fallback-logger","caller":"logging/config.go:69","msg":"Fetch GitHub commit ID from kodata failed: open /var/run/ko/HEAD: no such file or directory"}
{"level":"info","ts":1568395116.5264509,"logger":"fallback-logger","caller":"bash/main.go:65","msg":"Successfully executed command \"mkdir -p /workspace/source\""}

Showing logs for build [32mcb-kubecd-bdd-ghfjxy-1568394164-lcqqw-1[0m stage [32meverything-else[0m and container [32mstep-source-copy-workspace-xcm5f[0m
{"level":"warn","ts":1568395116.775779,"logger":"fallback-logger","caller":"logging/config.go:69","msg":"Fetch GitHub commit ID from kodata failed: open /var/run/ko/HEAD: no such file or directory"}
{"level":"info","ts":1568395117.154812,"logger":"fallback-logger","caller":"bash/main.go:65","msg":"Successfully executed command \"cp -r /pvc/run-make/workspace/. /workspace/source\""}

Showing logs for build [32mcb-kubecd-bdd-ghfjxy-1568394164-lcqqw-1[0m stage [32meverything-else[0m and container [32mstep-build-container-build[0m
[36mINFO[0m[0000] No base image, nothing to extract            
[36mINFO[0m[0000] cmd: EXPOSE                                  
[36mINFO[0m[0000] Adding exposed port: 8080/tcp                
[36mINFO[0m[0000] Using files from context: [/workspace/source/bin] 
[36mINFO[0m[0000] Skipping unpacking as no commands require it. 
[36mINFO[0m[0000] Taking snapshot of full filesystem...        
[36mINFO[0m[0000] EXPOSE 8080                                  
[36mINFO[0m[0000] cmd: EXPOSE                                  
[36mINFO[0m[0000] Adding exposed port: 8080/tcp                
[36mINFO[0m[0000] No files changed in this command, skipping snapshotting. 
[36mINFO[0m[0000] ENTRYPOINT ["/bdd-ghf**y-1568394164"]        
[36mINFO[0m[0000] No files changed in this command, skipping snapshotting. 
[36mINFO[0m[0000] Using files from context: [/workspace/source/bin] 
[36mINFO[0m[0000] COPY ./bin/ /                                
[36mINFO[0m[0000] Taking snapshot of files...                  
2019/09/13 17:18:42 pushed blob: sha256:f6a45c04561232d63ef79a2f5abe8023de58bf8fdfb7fb4a48856a4a14fe021b
2019/09/13 17:18:42 pushed blob: sha256:b6f23cc41530aaa0a1825846f7a515133b1c896c8551ba47101aabba2641bdce
2019/09/13 17:18:44 gcr.io/jenkins-x-bdd3/bdd-ghf**y-1568394164:0.0.0-SNAPSHOT-PR-1-1: digest: sha256:6bb74fd391e02cb1c2ce38c7c13ff2764ada49da0733b7a4e9e5806e38106a1b size: 428

Showing logs for build [32mcb-kubecd-bdd-ghfjxy-1568394164-lcqqw-1[0m stage [32meverything-else[0m and container [32mstep-postbuild-post-build[0m
no CVE provider running in the current ** namespace so skip adding image to be analysed

Showing logs for build [32mcb-kubecd-bdd-ghfjxy-1568394164-lcqqw-1[0m stage [32meverything-else[0m and container [32mstep-promote-make-preview[0m
sed -i -e "s/version:.*/version: 0.0.0-SNAPSHOT-PR-1-1/" Chart.yaml
sed -i -e "s/version:.*/version: 0.0.0-SNAPSHOT-PR-1-1/" ../*/Chart.yaml
sed -i -e "s|repository:.*|repository: gcr.io\/jenkins-x-bdd3\/bdd-ghf**y-1568394164|" values.yaml
sed -i -e "s/tag:.*/tag: 0.0.0-SNAPSHOT-PR-1-1/" values.yaml
echo "  version: 0.0.0-SNAPSHOT-PR-1-1" >> requirements.yaml
** step helm build
WARNING: No $CHART_REPOSITORY defined so using the default value of: http://jenkins-x-chartmuseum:8080
Adding missing Helm repo: storage.googleapis.com https://storage.googleapis.com/chartmuseum.jenkins-x.io
Successfully added Helm repository storage.googleapis.com.
Adding missing Helm repo: jenkins-x-chartmuseum http://jenkins-x-chartmuseum:8080
Successfully added Helm repository jenkins-x-chartmuseum.
WARNING: No $CHART_REPOSITORY defined so using the default value of: http://jenkins-x-chartmuseum:8080
Adding missing Helm repo: chartmuseum.jenkins-x.io http://chartmuseum.jenkins-x.io
Successfully added Helm repository chartmuseum.jenkins-x.io.

Showing logs for build [32mcb-kubecd-bdd-ghfjxy-1568394164-lcqqw-1[0m stage [32meverything-else[0m and container [32mstep-promote-jx-preview[0m
Creating a preview
WARNING: No author for commit: cf154d6eb768c940b9365d6032df5b10ff405822
Created environment cb-kubecd-bdd-ghf**y-1568394164-pr-1
Namespace **-cb-kubecd-bdd-ghf**y-1568394164-pr-1 created 
expose:
  Annotations:
    helm.sh/hook: post-install,post-upgrade
    helm.sh/hook-delete-policy: hook-succeeded
  config:
    domain: 35.240.9.11.nip.io
    exposer: Ingress
    http: "true"
preview:
  image:
    repository: gcr.io/jenkins-x-bdd3/bdd-ghf**y-1568394164
    tag: 0.0.0-SNAPSHOT-PR-1-1
Deleting and cloning the Jenkins X versions repo
Cloning the Jenkins X versions repo https://github.com/jenkins-x/jenkins-x-versions.git with ref refs/heads/master to /builder/home/.**/jenkins-x-versions


Updating PipelineActivities cb-kubecd-bdd-ghf**y-1568394164-pr-1-1 which has status Running
WARNING: preview application http://bdd-ghf**y-1568394164.**-cb-kubecd-bdd-ghf**y-1568394164-pr-1.35.240.9.11.nip.io not available, error was 503 503 Service Temporarily Unavailable, delaying for: 1.252573036s
WARNING: preview application http://bdd-ghf**y-1568394164.**-cb-kubecd-bdd-ghf**y-1568394164-pr-1.35.240.9.11.nip.io not available, error was 503 503 Service Temporarily Unavailable, delaying for: 1.795078749s
WARNING: preview application http://bdd-ghf**y-1568394164.**-cb-kubecd-bdd-ghf**y-1568394164-pr-1.35.240.9.11.nip.io not available, error was 503 503 Service Temporarily Unavailable, delaying for: 1.481238625s
Preview application is now available at: http://bdd-ghf**y-1568394164.**-cb-kubecd-bdd-ghf**y-1568394164-pr-1.35.240.9.11.nip.io
