
Showing logs for build [32mcb-kubecd-bdd-ghfjxy-1568394164-1[0m stage [32mmeta-pipeline[0m and container [32mstep-credential-initializer-nmk44[0m
{"level":"warn","ts":1568394811.71674,"logger":"fallback-logger","caller":"logging/config.go:69","msg":"Fetch GitHub commit ID from kodata failed: \"ref: refs/heads/master\" is not a valid GitHub commit ID"}
{"level":"info","ts":1568394811.7172196,"logger":"fallback-logger","caller":"creds-init/main.go:40","msg":"Credentials initialized."}

Showing logs for build [32mcb-kubecd-bdd-ghfjxy-1568394164-1[0m stage [32mmeta-pipeline[0m and container [32mstep-working-dir-initializer-8ls6f[0m
{"level":"warn","ts":1568394812.6529143,"logger":"fallback-logger","caller":"logging/config.go:69","msg":"Fetch GitHub commit ID from kodata failed: open /var/run/ko/HEAD: no such file or directory"}
{"level":"info","ts":1568394812.6541479,"logger":"fallback-logger","caller":"bash/main.go:65","msg":"Successfully executed command \"mkdir -p /workspace/source\""}

Showing logs for build [32mcb-kubecd-bdd-ghfjxy-1568394164-1[0m stage [32mmeta-pipeline[0m and container [32mstep-place-tools[0m

Showing logs for build [32mcb-kubecd-bdd-ghfjxy-1568394164-1[0m stage [32mmeta-pipeline[0m and container [32mstep-git-source-meta-cb-kubecd-bdd-ghfjxy-15683-gfj7c[0m
{"level":"warn","ts":1568394818.6909537,"logger":"fallback-logger","caller":"logging/config.go:69","msg":"Fetch GitHub commit ID from kodata failed: \"ref: refs/heads/master\" is not a valid GitHub commit ID"}
{"level":"info","ts":1568394819.7410576,"logger":"fallback-logger","caller":"git/git.go:102","msg":"Successfully cloned https://github.com/cb-kubecd/bdd-ghf**y-1568394164.git @ c687522450633434508222ec2ca52edaa71475c0 in path /workspace/source"}

Showing logs for build [32mcb-kubecd-bdd-ghfjxy-1568394164-1[0m stage [32mmeta-pipeline[0m and container [32mstep-git-merge[0m
Using SHAs from PULL_REFS=master:c687522450633434508222ec2ca52edaa71475c0
WARNING: no SHAs to merge, falling back to initial cloned commit

Showing logs for build [32mcb-kubecd-bdd-ghfjxy-1568394164-1[0m stage [32mmeta-pipeline[0m and container [32mstep-merge-pull-refs[0m
SKIP merge-pull-refs: Nothing to merge

Showing logs for build [32mcb-kubecd-bdd-ghfjxy-1568394164-1[0m stage [32mmeta-pipeline[0m and container [32mstep-create-effective-pipeline[0m
Deleting and cloning the Jenkins X versions repo
Cloning the Jenkins X versions repo https://github.com/jenkins-x/jenkins-x-versions.git with ref refs/heads/master to /builder/home/.**/jenkins-x-versions
performing pack detection in folder /workspace/source
--> Draft detected YAML (67.752116%)
--> Could not find a pack for YAML. Trying to find the next likely language match...
--> Draft detected RPM Spec (14.854397%)
--> Could not find a pack for RPM Spec. Trying to find the next likely language match...
--> Draft detected Coq (6.799598%)
--> Could not find a pack for Coq. Trying to find the next likely language match...
--> Draft detected Smarty (3.701047%)
--> Could not find a pack for Smarty. Trying to find the next likely language match...
--> Draft detected Go (2.904892%)
selected pack: /builder/home/.**/draft/packs/github.com/jenkins-x-buildpacks/jenkins-x-kubernetes/packs/go
Effective pipeline written to jenkins-x-effective.yml

Showing logs for build [32mcb-kubecd-bdd-ghfjxy-1568394164-1[0m stage [32mmeta-pipeline[0m and container [32mstep-create-tekton-crds[0m
running command: echo \$(**-release-version) > VERSION

running command: ** step tag --version \$(cat VERSION)
Updating chart version in charts/bdd-ghf**y-1568394164/Chart.yaml to 0.0.1
Updating repository in charts/bdd-ghf**y-1568394164/values.yaml to gcr.io/jenkins-x-bdd3/bdd-ghf**y-1568394164
Updating tag in charts/bdd-ghf**y-1568394164/values.yaml to 0.0.1
Tag v0.0.1 created and pushed to remote origin

PipelineActivity for cb-kubecd-bdd-ghf**y-1568394164-master-1
Applying changes 
upserted PipelineResource cb-kubecd-bdd-ghf**y-1568394164 for the git repository https://github.com/cb-kubecd/bdd-ghf**y-1568394164.git
upserted Task cb-kubecd-bdd-ghf**y-1568394164-run-make-1
upserted Task cb-kubecd-bdd-ghf**y-1568394164-everything-else-1
upserted Pipeline cb-kubecd-bdd-ghf**y-1568394164-1
created PipelineRun cb-kubecd-bdd-ghf**y-1568394164-1
created PipelineStructure cb-kubecd-bdd-ghf**y-1568394164-1

Showing logs for build [32mcb-kubecd-bdd-ghfjxy-1568394164-1[0m stage [32mrun-make[0m and container [32mstep-credential-initializer-f2bg7[0m
{"level":"warn","ts":1568394844.9167104,"logger":"fallback-logger","caller":"logging/config.go:69","msg":"Fetch GitHub commit ID from kodata failed: \"ref: refs/heads/master\" is not a valid GitHub commit ID"}
{"level":"info","ts":1568394844.9171686,"logger":"fallback-logger","caller":"creds-init/main.go:40","msg":"Credentials initialized."}

Showing logs for build [32mcb-kubecd-bdd-ghfjxy-1568394164-1[0m stage [32mrun-make[0m and container [32mstep-working-dir-initializer-wbfxj[0m
{"level":"warn","ts":1568394845.8751278,"logger":"fallback-logger","caller":"logging/config.go:69","msg":"Fetch GitHub commit ID from kodata failed: open /var/run/ko/HEAD: no such file or directory"}
{"level":"info","ts":1568394845.876641,"logger":"fallback-logger","caller":"bash/main.go:65","msg":"Successfully executed command \"mkdir -p /workspace/source\""}

Showing logs for build [32mcb-kubecd-bdd-ghfjxy-1568394164-1[0m stage [32mrun-make[0m and container [32mstep-place-tools[0m

Showing logs for build [32mcb-kubecd-bdd-ghfjxy-1568394164-1[0m stage [32mrun-make[0m and container [32mstep-git-source-cb-kubecd-bdd-ghfjxy-1568394164-pzh6z[0m
{"level":"warn","ts":1568394852.0329483,"logger":"fallback-logger","caller":"logging/config.go:69","msg":"Fetch GitHub commit ID from kodata failed: \"ref: refs/heads/master\" is not a valid GitHub commit ID"}
{"level":"info","ts":1568394853.084715,"logger":"fallback-logger","caller":"git/git.go:102","msg":"Successfully cloned https://github.com/cb-kubecd/bdd-ghf**y-1568394164.git @ v0.0.1 in path /workspace/source"}

Showing logs for build [32mcb-kubecd-bdd-ghfjxy-1568394164-1[0m stage [32mrun-make[0m and container [32mstep-git-merge[0m
Using SHAs from PULL_REFS=master:c687522450633434508222ec2ca52edaa71475c0
WARNING: no SHAs to merge, falling back to initial cloned commit

Showing logs for build [32mcb-kubecd-bdd-ghfjxy-1568394164-1[0m stage [32mrun-make[0m and container [32mstep-setup-jx-git-credentials[0m
Generated Git credentials file /workspace/xdg_config/git/credentials

Showing logs for build [32mcb-kubecd-bdd-ghfjxy-1568394164-1[0m stage [32mrun-make[0m and container [32mstep-build-make-build[0m
CGO_ENABLED=0 GO15VENDOREXPERIMENT=1 go build -ldflags '' -o bin/bdd-ghf**y-1568394164 main.go

Showing logs for build [32mcb-kubecd-bdd-ghfjxy-1568394164-1[0m stage [32mrun-make[0m and container [32mstep-source-mkdir-cb-kubecd-bdd-ghfjxy-1568394164-dg742[0m
{"level":"warn","ts":1568394859.9525712,"logger":"fallback-logger","caller":"logging/config.go:69","msg":"Fetch GitHub commit ID from kodata failed: open /var/run/ko/HEAD: no such file or directory"}
{"level":"info","ts":1568394859.9897144,"logger":"fallback-logger","caller":"bash/main.go:65","msg":"Successfully executed command \"mkdir -p /pvc/run-make/workspace\""}

Showing logs for build [32mcb-kubecd-bdd-ghfjxy-1568394164-1[0m stage [32mrun-make[0m and container [32mstep-source-copy-cb-kubecd-bdd-ghfjxy-1568394164-gh9vz[0m
{"level":"warn","ts":1568394860.2021663,"logger":"fallback-logger","caller":"logging/config.go:69","msg":"Fetch GitHub commit ID from kodata failed: open /var/run/ko/HEAD: no such file or directory"}
{"level":"info","ts":1568394860.2161396,"logger":"fallback-logger","caller":"bash/main.go:65","msg":"Successfully executed command \"cp -r /workspace/source/. /pvc/run-make/workspace\""}

Showing logs for build [32mcb-kubecd-bdd-ghfjxy-1568394164-1[0m stage [32meverything-else[0m and container [32mstep-credential-initializer-hftv5[0m
{"level":"warn","ts":1568394870.8032572,"logger":"fallback-logger","caller":"logging/config.go:69","msg":"Fetch GitHub commit ID from kodata failed: \"ref: refs/heads/master\" is not a valid GitHub commit ID"}
{"level":"info","ts":1568394870.8037825,"logger":"fallback-logger","caller":"creds-init/main.go:40","msg":"Credentials initialized."}

Showing logs for build [32mcb-kubecd-bdd-ghfjxy-1568394164-1[0m stage [32meverything-else[0m and container [32mstep-working-dir-initializer-btqlg[0m
{"level":"warn","ts":1568394871.1411235,"logger":"fallback-logger","caller":"logging/config.go:69","msg":"Fetch GitHub commit ID from kodata failed: open /var/run/ko/HEAD: no such file or directory"}
{"level":"info","ts":1568394871.1422434,"logger":"fallback-logger","caller":"bash/main.go:65","msg":"Successfully executed command \"mkdir -p /workspace/source /workspace/source/charts/bdd-ghf**y-1568394164\""}

Showing logs for build [32mcb-kubecd-bdd-ghfjxy-1568394164-1[0m stage [32meverything-else[0m and container [32mstep-place-tools[0m

Showing logs for build [32mcb-kubecd-bdd-ghfjxy-1568394164-1[0m stage [32meverything-else[0m and container [32mstep-create-dir-workspace-pqt2p[0m
{"level":"warn","ts":1568394877.2738895,"logger":"fallback-logger","caller":"logging/config.go:69","msg":"Fetch GitHub commit ID from kodata failed: open /var/run/ko/HEAD: no such file or directory"}
{"level":"info","ts":1568394877.2795904,"logger":"fallback-logger","caller":"bash/main.go:65","msg":"Successfully executed command \"mkdir -p /workspace/source\""}

Showing logs for build [32mcb-kubecd-bdd-ghfjxy-1568394164-1[0m stage [32meverything-else[0m and container [32mstep-source-copy-workspace-t6f6v[0m
{"level":"warn","ts":1568394877.5043304,"logger":"fallback-logger","caller":"logging/config.go:69","msg":"Fetch GitHub commit ID from kodata failed: open /var/run/ko/HEAD: no such file or directory"}
{"level":"info","ts":1568394877.7146742,"logger":"fallback-logger","caller":"bash/main.go:65","msg":"Successfully executed command \"cp -r /pvc/run-make/workspace/. /workspace/source\""}

Showing logs for build [32mcb-kubecd-bdd-ghfjxy-1568394164-1[0m stage [32meverything-else[0m and container [32mstep-build-container-build[0m
[36mINFO[0m[0000] No base image, nothing to extract            
[36mINFO[0m[0000] cmd: EXPOSE                                  
[36mINFO[0m[0000] Adding exposed port: 8080/tcp                
[36mINFO[0m[0000] Using files from context: [/workspace/source/bin] 
[36mINFO[0m[0000] Skipping unpacking as no commands require it. 
[36mINFO[0m[0000] Taking snapshot of full filesystem...        
[36mINFO[0m[0000] EXPOSE 8080                                  
[36mINFO[0m[0000] cmd: EXPOSE                                  
[36mINFO[0m[0000] Adding exposed port: 8080/tcp                
[36mINFO[0m[0000] No files changed in this command, skipping snapshotting. 
[36mINFO[0m[0000] ENTRYPOINT ["/bdd-ghf**y-1568394164"]        
[36mINFO[0m[0000] No files changed in this command, skipping snapshotting. 
[36mINFO[0m[0000] Using files from context: [/workspace/source/bin] 
[36mINFO[0m[0000] COPY ./bin/ /                                
[36mINFO[0m[0000] Taking snapshot of files...                  
2019/09/13 17:14:42 pushed blob: sha256:902662ff552937166cfa50e67c5a78b1382cbb88879edbe4ad2a5610c0d12b97
2019/09/13 17:14:42 pushed blob: sha256:7135dd08fdd6fba30365197a33de71216326cec745ff5772a6c01ce1a4f1ae38
2019/09/13 17:14:44 gcr.io/jenkins-x-bdd3/bdd-ghf**y-1568394164:0.0.1: digest: sha256:4708e89afd166b7b1a2f4d958ff79037bcb430986b0f5cca6bd93c6a0f5767e0 size: 428

Showing logs for build [32mcb-kubecd-bdd-ghfjxy-1568394164-1[0m stage [32meverything-else[0m and container [32mstep-build-post-build[0m
no CVE provider running in the current ** namespace so skip adding image to be analysed

Showing logs for build [32mcb-kubecd-bdd-ghfjxy-1568394164-1[0m stage [32meverything-else[0m and container [32mstep-promote-changelog[0m
Converted /workspace/source to an unshallow repository
no previous commit version found so change diff unavailable

Showing logs for build [32mcb-kubecd-bdd-ghfjxy-1568394164-1[0m stage [32meverything-else[0m and container [32mstep-promote-helm-release[0m
WARNING: No $CHART_REPOSITORY defined so using the default value of: http://jenkins-x-chartmuseum:8080
Adding missing Helm repo: storage.googleapis.com https://storage.googleapis.com/chartmuseum.jenkins-x.io
Successfully added Helm repository storage.googleapis.com.
Adding missing Helm repo: jenkins-x-chartmuseum http://jenkins-x-chartmuseum:8080
Successfully added Helm repository jenkins-x-chartmuseum.
WARNING: No $CHART_REPOSITORY defined so using the default value of: http://jenkins-x-chartmuseum:8080
Uploading chart file bdd-ghf**y-1568394164-0.0.1.tgz to http://jenkins-x-chartmuseum:8080/api/charts
Received 201 response: {"saved":true}

Showing logs for build [32mcb-kubecd-bdd-ghfjxy-1568394164-1[0m stage [32meverything-else[0m and container [32mstep-promote-jx-promote[0m
WARNING: prow based install so skip waiting for the merge of Pull Requests to go green as currently there is an issue with gettingstatuses from the PR, see https://github.com/jenkins-x/**/issues/2410
Promoting app bdd-ghf**y-1568394164 version 0.0.1 to namespace **-staging
Created Pull Request: https://github.com/cb-kubecd/environment-pr-5486-9-tekton-gkebdd-staging/pull/3
Pull Request https://github.com/cb-kubecd/environment-pr-5486-9-tekton-gkebdd-staging/pull/3 is merged at sha 568368421eef4dfc36c628d577376f3a5478e164
Pull Request merged but we are not waiting for the update pipeline to complete!
WARNING: Could not find the service URL in namespace **-staging for names bdd-ghf**y-1568394164, **-bdd-ghf**y-1568394164, **-staging-bdd-ghf**y-1568394164
